6504:C 06 Mar 2022 22:37:53.951 # oO0OoO0OoO0Oo Redis is starting oO0OoO0OoO0Oo
6504:C 06 Mar 2022 22:37:53.951 # Redis version=6.2.6, bits=64, commit=00000000, modified=0, pid=6504, just started
6504:C 06 Mar 2022 22:37:53.951 # Configuration loaded
6504:M 06 Mar 2022 22:37:53.951 * Increased maximum number of open files to 10032 (it was originally set to 1024).
6504:M 06 Mar 2022 22:37:53.951 * monotonic clock: POSIX clock_gettime
6504:M 06 Mar 2022 22:37:53.951 * No cluster configuration found, I'm 41d743bf915ec60caf6cf894faaebcce4f18f392
6504:M 06 Mar 2022 22:37:53.960 * Running mode=cluster, port=4301.
6504:M 06 Mar 2022 22:37:53.960 # Server initialized
6504:M 06 Mar 2022 22:37:53.960 # WARNING overcommit_memory is set to 0! Background save may fail under low memory condition. To fix this issue add 'vm.overcommit_memory = 1' to /etc/sysctl.conf and then reboot or run the command 'sysctl vm.overcommit_memory=1' for this to take effect.
6504:M 06 Mar 2022 22:37:53.960 * Ready to accept connections
6504:M 06 Mar 2022 22:38:08.934 # configEpoch set to 1 via CLUSTER SET-CONFIG-EPOCH
6504:M 06 Mar 2022 22:38:08.936 # IP address for this node updated to 127.0.0.1
6504:M 06 Mar 2022 22:38:10.933 # Cluster state changed: ok
6504:M 06 Mar 2022 22:38:10.954 * Replica 127.0.0.1:4304 asks for synchronization
6504:M 06 Mar 2022 22:38:10.954 * Partial resynchronization not accepted: Replication ID mismatch (Replica asked for '37d13578beca12378135e2c2b48d04cad1fa9b1c', my replication IDs are '0ebfceeddad67660dc831e37b27569e6066ce3b8' and '0000000000000000000000000000000000000000')
6504:M 06 Mar 2022 22:38:10.954 * Replication backlog created, my new replication IDs are '19ebc6b9283973535c380d1b79183baea55fd952' and '0000000000000000000000000000000000000000'
6504:M 06 Mar 2022 22:38:10.954 * Starting BGSAVE for SYNC with target: disk
6504:M 06 Mar 2022 22:38:10.954 * Background saving started by pid 6541
6541:C 06 Mar 2022 22:38:10.967 * DB saved on disk
6541:C 06 Mar 2022 22:38:10.968 * RDB: 0 MB of memory used by copy-on-write
6504:M 06 Mar 2022 22:38:11.034 * Background saving terminated with success
6504:M 06 Mar 2022 22:38:11.034 * Synchronization with replica 127.0.0.1:4304 succeeded
6504:M 06 Mar 2022 22:38:20.440 # User requested shutdown...
6504:M 06 Mar 2022 22:38:20.440 * Calling fsync() on the AOF file.
6504:M 06 Mar 2022 22:38:20.441 * Removing the pid file.
6504:M 06 Mar 2022 22:38:20.441 # Redis is now ready to exit, bye bye...
