6506:C 06 Mar 2022 22:37:53.953 # oO0OoO0OoO0Oo Redis is starting oO0OoO0OoO0Oo
6506:C 06 Mar 2022 22:37:53.953 # Redis version=6.2.6, bits=64, commit=00000000, modified=0, pid=6506, just started
6506:C 06 Mar 2022 22:37:53.953 # Configuration loaded
6506:M 06 Mar 2022 22:37:53.953 * Increased maximum number of open files to 10032 (it was originally set to 1024).
6506:M 06 Mar 2022 22:37:53.954 * monotonic clock: POSIX clock_gettime
6506:M 06 Mar 2022 22:37:53.954 * No cluster configuration found, I'm 565f419206577a2bec85360f7914b027636b6624
6506:M 06 Mar 2022 22:37:53.960 * Running mode=cluster, port=4302.
6506:M 06 Mar 2022 22:37:53.960 # Server initialized
6506:M 06 Mar 2022 22:37:53.960 # WARNING overcommit_memory is set to 0! Background save may fail under low memory condition. To fix this issue add 'vm.overcommit_memory = 1' to /etc/sysctl.conf and then reboot or run the command 'sysctl vm.overcommit_memory=1' for this to take effect.
6506:M 06 Mar 2022 22:37:53.960 * Ready to accept connections
6506:M 06 Mar 2022 22:38:08.934 # configEpoch set to 2 via CLUSTER SET-CONFIG-EPOCH
6506:M 06 Mar 2022 22:38:09.123 # IP address for this node updated to 127.0.0.1
6506:M 06 Mar 2022 22:38:10.942 # Cluster state changed: ok
6506:M 06 Mar 2022 22:38:10.955 * Replica 127.0.0.1:4305 asks for synchronization
6506:M 06 Mar 2022 22:38:10.955 * Partial resynchronization not accepted: Replication ID mismatch (Replica asked for 'a39c593d6b1ed3b97783888792033ae4f217b903', my replication IDs are '57043163856d2df7c5f0f17461c42543bc278178' and '0000000000000000000000000000000000000000')
6506:M 06 Mar 2022 22:38:10.955 * Replication backlog created, my new replication IDs are 'd11efcd38a9f10d21fbc4f70ba6817f79bc065bc' and '0000000000000000000000000000000000000000'
6506:M 06 Mar 2022 22:38:10.955 * Starting BGSAVE for SYNC with target: disk
6506:M 06 Mar 2022 22:38:10.956 * Background saving started by pid 6542
6542:C 06 Mar 2022 22:38:10.967 * DB saved on disk
6542:C 06 Mar 2022 22:38:10.968 * RDB: 0 MB of memory used by copy-on-write
6506:M 06 Mar 2022 22:38:11.043 * Background saving terminated with success
6506:M 06 Mar 2022 22:38:11.043 * Synchronization with replica 127.0.0.1:4305 succeeded
6506:M 06 Mar 2022 22:38:20.444 # User requested shutdown...
6506:M 06 Mar 2022 22:38:20.444 * Calling fsync() on the AOF file.
6506:M 06 Mar 2022 22:38:20.444 * Removing the pid file.
6506:M 06 Mar 2022 22:38:20.444 # Redis is now ready to exit, bye bye...
