6508:C 06 Mar 2022 22:37:53.958 # oO0OoO0OoO0Oo Redis is starting oO0OoO0OoO0Oo
6508:C 06 Mar 2022 22:37:53.958 # Redis version=6.2.6, bits=64, commit=00000000, modified=0, pid=6508, just started
6508:C 06 Mar 2022 22:37:53.958 # Configuration loaded
6508:M 06 Mar 2022 22:37:53.959 * Increased maximum number of open files to 10032 (it was originally set to 1024).
6508:M 06 Mar 2022 22:37:53.959 * monotonic clock: POSIX clock_gettime
6508:M 06 Mar 2022 22:37:53.959 * No cluster configuration found, I'm 1dd479b44ed9222cf30bd9416b4f4d1a6d78b711
6508:M 06 Mar 2022 22:37:53.962 * Running mode=cluster, port=4303.
6508:M 06 Mar 2022 22:37:53.962 # Server initialized
6508:M 06 Mar 2022 22:37:53.962 # WARNING overcommit_memory is set to 0! Background save may fail under low memory condition. To fix this issue add 'vm.overcommit_memory = 1' to /etc/sysctl.conf and then reboot or run the command 'sysctl vm.overcommit_memory=1' for this to take effect.
6508:M 06 Mar 2022 22:37:53.962 * Ready to accept connections
6508:M 06 Mar 2022 22:38:08.934 # configEpoch set to 3 via CLUSTER SET-CONFIG-EPOCH
6508:M 06 Mar 2022 22:38:09.123 # IP address for this node updated to 127.0.0.1
6508:M 06 Mar 2022 22:38:10.940 # Cluster state changed: ok
6508:M 06 Mar 2022 22:38:10.956 * Replica 127.0.0.1:4306 asks for synchronization
6508:M 06 Mar 2022 22:38:10.956 * Partial resynchronization not accepted: Replication ID mismatch (Replica asked for '039bb615448f90f36545124e461fbacac5192b77', my replication IDs are 'efc029c72c7d715ccc99c3c64fb45c16297a63af' and '0000000000000000000000000000000000000000')
6508:M 06 Mar 2022 22:38:10.956 * Replication backlog created, my new replication IDs are '8b84b83d36c507245483c6a45ae3f06217c9c1b2' and '0000000000000000000000000000000000000000'
6508:M 06 Mar 2022 22:38:10.956 * Starting BGSAVE for SYNC with target: disk
6508:M 06 Mar 2022 22:38:10.957 * Background saving started by pid 6543
6543:C 06 Mar 2022 22:38:10.967 * DB saved on disk
6543:C 06 Mar 2022 22:38:10.968 * RDB: 0 MB of memory used by copy-on-write
6508:M 06 Mar 2022 22:38:11.041 * Background saving terminated with success
6508:M 06 Mar 2022 22:38:11.041 * Synchronization with replica 127.0.0.1:4306 succeeded
6508:M 06 Mar 2022 22:38:20.446 # User requested shutdown...
6508:M 06 Mar 2022 22:38:20.446 * Calling fsync() on the AOF file.
6508:M 06 Mar 2022 22:38:20.446 * Removing the pid file.
6508:M 06 Mar 2022 22:38:20.446 # Redis is now ready to exit, bye bye...
