6530:C 06 Mar 2022 22:37:53.969 # oO0OoO0OoO0Oo Redis is starting oO0OoO0OoO0Oo
6530:C 06 Mar 2022 22:37:53.969 # Redis version=6.2.6, bits=64, commit=00000000, modified=0, pid=6530, just started
6530:C 06 Mar 2022 22:37:53.969 # Configuration loaded
6530:M 06 Mar 2022 22:37:53.969 * Increased maximum number of open files to 10032 (it was originally set to 1024).
6530:M 06 Mar 2022 22:37:53.969 * monotonic clock: POSIX clock_gettime
6530:M 06 Mar 2022 22:37:53.969 * No cluster configuration found, I'm 58c0052c423ca25b019358d65c336ee5e39d39a7
6530:M 06 Mar 2022 22:37:53.972 * Running mode=cluster, port=4306.
6530:M 06 Mar 2022 22:37:53.972 # Server initialized
6530:M 06 Mar 2022 22:37:53.972 # WARNING overcommit_memory is set to 0! Background save may fail under low memory condition. To fix this issue add 'vm.overcommit_memory = 1' to /etc/sysctl.conf and then reboot or run the command 'sysctl vm.overcommit_memory=1' for this to take effect.
6530:M 06 Mar 2022 22:37:53.973 * Ready to accept connections
6530:M 06 Mar 2022 22:38:08.934 # configEpoch set to 6 via CLUSTER SET-CONFIG-EPOCH
6530:M 06 Mar 2022 22:38:09.022 # IP address for this node updated to 127.0.0.1
6530:M 06 Mar 2022 22:38:10.949 # Cluster state changed: ok
6530:S 06 Mar 2022 22:38:10.954 * Before turning into a replica, using my own master parameters to synthesize a cached master: I may be able to synchronize with the new master with just a partial transfer.
6530:S 06 Mar 2022 22:38:10.954 * Connecting to MASTER 127.0.0.1:4303
6530:S 06 Mar 2022 22:38:10.954 * MASTER <-> REPLICA sync started
6530:S 06 Mar 2022 22:38:10.955 * Non blocking connect for SYNC fired the event.
6530:S 06 Mar 2022 22:38:10.955 * Master replied to PING, replication can continue...
6530:S 06 Mar 2022 22:38:10.956 * Trying a partial resynchronization (request 039bb615448f90f36545124e461fbacac5192b77:1).
6530:S 06 Mar 2022 22:38:10.961 * Full resync from master: 8b84b83d36c507245483c6a45ae3f06217c9c1b2:0
6530:S 06 Mar 2022 22:38:10.961 * Discarding previously cached master state.
6530:S 06 Mar 2022 22:38:11.041 * MASTER <-> REPLICA sync: receiving 175 bytes from master to disk
6530:S 06 Mar 2022 22:38:11.041 * MASTER <-> REPLICA sync: Flushing old data
6530:S 06 Mar 2022 22:38:11.042 * MASTER <-> REPLICA sync: Loading DB in memory
6530:S 06 Mar 2022 22:38:11.045 * Loading RDB produced by version 6.2.6
6530:S 06 Mar 2022 22:38:11.045 * RDB age 1 seconds
6530:S 06 Mar 2022 22:38:11.045 * RDB memory usage when created 2.53 Mb
6530:S 06 Mar 2022 22:38:11.045 # Done loading RDB, keys loaded: 0, keys expired: 0.
6530:S 06 Mar 2022 22:38:11.045 * MASTER <-> REPLICA sync: Finished with success
6530:S 06 Mar 2022 22:38:11.046 * Background append only file rewriting started by pid 6545
6530:S 06 Mar 2022 22:38:11.070 * AOF rewrite child asks to stop sending diffs.
6545:C 06 Mar 2022 22:38:11.070 * Parent agreed to stop sending diffs. Finalizing AOF...
6545:C 06 Mar 2022 22:38:11.070 * Concatenating 0.00 MB of AOF diff received from parent.
6545:C 06 Mar 2022 22:38:11.070 * SYNC append only file rewrite performed
6545:C 06 Mar 2022 22:38:11.070 * AOF rewrite: 0 MB of memory used by copy-on-write
6530:S 06 Mar 2022 22:38:11.152 * Background AOF rewrite terminated with success
6530:S 06 Mar 2022 22:38:11.152 * Residual parent diff successfully flushed to the rewritten AOF (0.00 MB)
6530:S 06 Mar 2022 22:38:11.152 * Background AOF rewrite finished successfully
6530:S 06 Mar 2022 22:38:20.447 # Connection with master lost.
6530:S 06 Mar 2022 22:38:20.447 * Caching the disconnected master state.
6530:S 06 Mar 2022 22:38:20.447 * Reconnecting to MASTER 127.0.0.1:4303
6530:S 06 Mar 2022 22:38:20.447 * MASTER <-> REPLICA sync started
6530:S 06 Mar 2022 22:38:20.447 # Error condition on socket for SYNC: Connection refused
6530:S 06 Mar 2022 22:38:20.452 # User requested shutdown...
6530:S 06 Mar 2022 22:38:20.452 * Calling fsync() on the AOF file.
6530:S 06 Mar 2022 22:38:20.452 * Removing the pid file.
6530:S 06 Mar 2022 22:38:20.452 # Redis is now ready to exit, bye bye...
